<?xml version="1.0" encoding="UTF-8"?>
<!-- Generated by org.testng.reporters.JUnitXMLReporter -->
<testsuite ignored="0" hostname="22F1JL3" failures="0" tests="4" name="ChromeTest" time="24.138" errors="0" timestamp="2024-08-12T09:46:46 IST">
  <testcase classname="Main_CrossBrowser.CrossBrowserTest" name="loginTest" time="6.53"/>
  <testcase classname="Main_CrossBrowser.CrossBrowserTest" name="loginTest" time="3.364"/>
  <testcase classname="Main_CrossBrowser.CrossBrowserTest" name="loginTest" time="3.747"/>
  <testcase classname="Main_CrossBrowser.CrossBrowserTest" name="loginTest" time="3.99"/>
</testsuite> <!-- ChromeTest -->
