<?xml version="1.0" encoding="UTF-8"?>
<!-- Generated by org.testng.reporters.JUnitXMLReporter -->
<testsuite ignored="0" hostname="22F1JL3" failures="0" tests="4" name="ChromeTest" time="21.742" errors="0" timestamp="2024-08-11T21:19:09 IST">
  <testcase classname="Main_CrossBrowser.CrossBrowserTest" name="loginTest" time="6.472"/>
  <testcase classname="Main_CrossBrowser.CrossBrowserTest" name="loginTest" time="3.346"/>
  <testcase classname="Main_CrossBrowser.CrossBrowserTest" name="loginTest" time="3.293"/>
  <testcase classname="Main_CrossBrowser.CrossBrowserTest" name="loginTest" time="4.025"/>
</testsuite> <!-- ChromeTest -->
