<?xml version="1.0" encoding="UTF-8"?>
<!-- Generated by org.testng.reporters.JUnitXMLReporter -->
<testsuite ignored="0" hostname="22F1JL3" failures="0" tests="4" name="EdgeTest" time="20.565" errors="0" timestamp="2024-08-11T21:19:52 IST">
  <testcase classname="Main_CrossBrowser.CrossBrowserTest" name="loginTest" time="6.625"/>
  <testcase classname="Main_CrossBrowser.CrossBrowserTest" name="loginTest" time="2.988"/>
  <testcase classname="Main_CrossBrowser.CrossBrowserTest" name="loginTest" time="3.049"/>
  <testcase classname="Main_CrossBrowser.CrossBrowserTest" name="loginTest" time="3.228"/>
</testsuite> <!-- EdgeTest -->
