<?xml version="1.0" encoding="UTF-8"?>
<!-- Generated by org.testng.reporters.JUnitXMLReporter -->
<testsuite ignored="0" hostname="22F1JL3" failures="0" tests="4" name="EdgeTest" time="21.409" errors="0" timestamp="2024-08-12T09:47:32 IST">
  <testcase classname="Main_CrossBrowser.CrossBrowserTest" name="loginTest" time="6.549"/>
  <testcase classname="Main_CrossBrowser.CrossBrowserTest" name="loginTest" time="3.151"/>
  <testcase classname="Main_CrossBrowser.CrossBrowserTest" name="loginTest" time="3.586"/>
  <testcase classname="Main_CrossBrowser.CrossBrowserTest" name="loginTest" time="3.898"/>
</testsuite> <!-- EdgeTest -->
