<?xml version="1.0" encoding="UTF-8"?>
<!-- Generated by org.testng.reporters.JUnitXMLReporter -->
<testsuite ignored="0" hostname="22F1JL3" failures="0" tests="5" name="ExtentReportTest" time="0.107" errors="0" timestamp="2024-08-11T15:15:31 IST">
  <testcase classname="Main_CrossBrowser.CrossBrowserTest" name="loginTest" time="0.0">
    <skipped/>
  </testcase> <!-- loginTest -->
  <testcase classname="Main_CrossBrowser.CrossBrowserTest" name="loginTest" time="0.0">
    <skipped/>
  </testcase> <!-- loginTest -->
  <testcase classname="Main_CrossBrowser.CrossBrowserTest" name="loginTest" time="0.0">
    <skipped/>
  </testcase> <!-- loginTest -->
  <testcase classname="Main_CrossBrowser.CrossBrowserTest" name="loginTest" time="0.0">
    <skipped/>
  </testcase> <!-- loginTest -->
  <testcase classname="Main_CrossBrowser.Extentreports_CrossBrowser" name="extentreportsetup" time="0.0">
    <skipped/>
  </testcase> <!-- extentreportsetup -->
</testsuite> <!-- ExtentReportTest -->
