<?xml version="1.0" encoding="UTF-8"?>
<!-- Generated by org.testng.reporters.JUnitXMLReporter -->
<testsuite ignored="0" hostname="22F1JL3" failures="0" tests="4" name="FirefoxTest" time="23.117" errors="0" timestamp="2024-08-11T21:19:32 IST">
  <testcase classname="Main_CrossBrowser.CrossBrowserTest" name="loginTest" time="7.107"/>
  <testcase classname="Main_CrossBrowser.CrossBrowserTest" name="loginTest" time="3.026"/>
  <testcase classname="Main_CrossBrowser.CrossBrowserTest" name="loginTest" time="3.16"/>
  <testcase classname="Main_CrossBrowser.CrossBrowserTest" name="loginTest" time="3.023"/>
</testsuite> <!-- FirefoxTest -->
