<?xml version="1.0" encoding="UTF-8"?>
<!-- Generated by org.testng.reporters.JUnitXMLReporter -->
<testsuite ignored="0" hostname="22F1JL3" failures="0" tests="4" name="FirefoxTest" time="23.789" errors="0" timestamp="2024-08-12T09:47:10 IST">
  <testcase classname="Main_CrossBrowser.CrossBrowserTest" name="loginTest" time="7.532"/>
  <testcase classname="Main_CrossBrowser.CrossBrowserTest" name="loginTest" time="3.268"/>
  <testcase classname="Main_CrossBrowser.CrossBrowserTest" name="loginTest" time="3.088"/>
  <testcase classname="Main_CrossBrowser.CrossBrowserTest" name="loginTest" time="3.223"/>
</testsuite> <!-- FirefoxTest -->
