<?xml version="1.0" encoding="UTF-8"?>
<!-- Generated by org.testng.reporters.JUnitXMLReporter -->
<testsuite ignored="5" hostname="22F1JL3" failures="0" tests="7" name="Test" time="0.055" errors="0" timestamp="2024-08-04T16:36:48 IST">
  <testcase classname="CrossBrowser_Package.Chrome_Selenium1" name="chrometest1" time="0.009"/>
  <testcase classname="CrossBrowser_Package.Chrome_Selenium1" name="chrometest2" time="0.001"/>
  <testcase classname="CrossBrowser_Package.Edge_Selenium2" name="chrometest5" time="0.002"/>
  <testcase classname="CrossBrowser_Package.Edge_Selenium2" name="chrometest6" time="0.001"/>
  <testcase classname="CrossBrowser_Package.Edge_Selenium2" name="chrometest7" time="0.0"/>
  <testcase classname="CrossBrowser_Package.Firefox_Selenium3" name="chrometest10" time="0.001"/>
  <testcase classname="CrossBrowser_Package.Firefox_Selenium3" name="chrometest9" time="0.001"/>
  <testcase classname="CrossBrowser_Package.Firefox_Selenium3" name="chrometest12" time="0.0">
    <ignored/>
  </testcase> <!-- chrometest12 -->
  <testcase classname="CrossBrowser_Package.Chrome_Selenium1" name="chrometest4" time="0.0">
    <ignored/>
  </testcase> <!-- chrometest4 -->
  <testcase classname="CrossBrowser_Package.Edge_Selenium2" name="chrometest8" time="0.0">
    <ignored/>
  </testcase> <!-- chrometest8 -->
  <testcase classname="CrossBrowser_Package.Chrome_Selenium1" name="chrometest3" time="0.0">
    <ignored/>
  </testcase> <!-- chrometest3 -->
  <testcase classname="CrossBrowser_Package.Firefox_Selenium3" name="chrometest11" time="0.0">
    <ignored/>
  </testcase> <!-- chrometest11 -->
</testsuite> <!-- Test -->
