<?xml version="1.0" encoding="UTF-8"?>
<testng-results ignored="0" total="12" passed="12" failed="0" skipped="0">
  <reporter-output>
  </reporter-output>
  <suite started-at="2024-08-12T09:46:22 IST" name="Suite" finished-at="2024-08-12T09:47:32 IST" duration-ms="69397">
    <groups>
    </groups>
    <test started-at="2024-08-12T09:46:22 IST" name="ChromeTest" finished-at="2024-08-12T09:46:46 IST" duration-ms="24138">
      <class name="Main_CrossBrowser.CrossBrowserTest">
        <test-method is-config="true" signature="setup(java.lang.String)[pri:0, instance:Main_CrossBrowser.CrossBrowserTest@2362f559]" started-at="2024-08-12T09:46:22 IST" name="setup" finished-at="2024-08-12T09:46:27 IST" duration-ms="4483" status="PASS">
          <params>
            <param index="0">
              <value>
                <![CDATA[chrome]]>
              </value>
            </param>
          </params>
          <reporter-output>
          </reporter-output>
        </test-method> <!-- setup -->
        <test-method signature="loginTest(java.lang.String,java.lang.String)[pri:0, instance:Main_CrossBrowser.CrossBrowserTest@2362f559]" started-at="2024-08-12T09:46:28 IST" name="loginTest" data-provider="loginData" finished-at="2024-08-12T09:46:35 IST" duration-ms="6530" status="PASS">
          <params>
            <param index="0">
              <value>
                <![CDATA[student]]>
              </value>
            </param>
            <param index="1">
              <value>
                <![CDATA[Password123]]>
              </value>
            </param>
          </params>
          <reporter-output>
          </reporter-output>
        </test-method> <!-- loginTest -->
        <test-method signature="loginTest(java.lang.String,java.lang.String)[pri:0, instance:Main_CrossBrowser.CrossBrowserTest@2362f559]" started-at="2024-08-12T09:46:35 IST" name="loginTest" data-provider="loginData" finished-at="2024-08-12T09:46:38 IST" duration-ms="3364" status="PASS">
          <params>
            <param index="0">
              <value>
                <![CDATA[student]]>
              </value>
            </param>
            <param index="1">
              <value>
                <![CDATA[Password@123]]>
              </value>
            </param>
          </params>
          <reporter-output>
          </reporter-output>
        </test-method> <!-- loginTest -->
        <test-method signature="loginTest(java.lang.String,java.lang.String)[pri:0, instance:Main_CrossBrowser.CrossBrowserTest@2362f559]" started-at="2024-08-12T09:46:38 IST" name="loginTest" data-provider="loginData" finished-at="2024-08-12T09:46:42 IST" duration-ms="3747" status="PASS">
          <params>
            <param index="0">
              <value>
                <![CDATA[student@123]]>
              </value>
            </param>
            <param index="1">
              <value>
                <![CDATA[Password]]>
              </value>
            </param>
          </params>
          <reporter-output>
          </reporter-output>
        </test-method> <!-- loginTest -->
        <test-method signature="loginTest(java.lang.String,java.lang.String)[pri:0, instance:Main_CrossBrowser.CrossBrowserTest@2362f559]" started-at="2024-08-12T09:46:42 IST" name="loginTest" data-provider="loginData" finished-at="2024-08-12T09:46:46 IST" duration-ms="3990" status="PASS">
          <params>
            <param index="0">
              <value>
                <![CDATA[student@123]]>
              </value>
            </param>
            <param index="1">
              <value>
                <![CDATA[Password@123]]>
              </value>
            </param>
          </params>
          <reporter-output>
          </reporter-output>
        </test-method> <!-- loginTest -->
        <test-method is-config="true" signature="tearDown()[pri:0, instance:Main_CrossBrowser.CrossBrowserTest@2362f559]" started-at="2024-08-12T09:46:46 IST" name="tearDown" finished-at="2024-08-12T09:46:46 IST" duration-ms="504" status="PASS">
          <reporter-output>
          </reporter-output>
        </test-method> <!-- tearDown -->
      </class> <!-- Main_CrossBrowser.CrossBrowserTest -->
    </test> <!-- ChromeTest -->
    <test started-at="2024-08-12T09:46:46 IST" name="FirefoxTest" finished-at="2024-08-12T09:47:10 IST" duration-ms="23789">
      <class name="Main_CrossBrowser.CrossBrowserTest">
        <test-method is-config="true" signature="setup(java.lang.String)[pri:0, instance:Main_CrossBrowser.CrossBrowserTest@1e178745]" started-at="2024-08-12T09:46:46 IST" name="setup" finished-at="2024-08-12T09:46:52 IST" duration-ms="5157" status="PASS">
          <params>
            <param index="0">
              <value>
                <![CDATA[firefox]]>
              </value>
            </param>
          </params>
          <reporter-output>
          </reporter-output>
        </test-method> <!-- setup -->
        <test-method signature="loginTest(java.lang.String,java.lang.String)[pri:0, instance:Main_CrossBrowser.CrossBrowserTest@1e178745]" started-at="2024-08-12T09:46:52 IST" name="loginTest" data-provider="loginData" finished-at="2024-08-12T09:46:59 IST" duration-ms="7532" status="PASS">
          <params>
            <param index="0">
              <value>
                <![CDATA[student]]>
              </value>
            </param>
            <param index="1">
              <value>
                <![CDATA[Password123]]>
              </value>
            </param>
          </params>
          <reporter-output>
          </reporter-output>
        </test-method> <!-- loginTest -->
        <test-method signature="loginTest(java.lang.String,java.lang.String)[pri:0, instance:Main_CrossBrowser.CrossBrowserTest@1e178745]" started-at="2024-08-12T09:46:59 IST" name="loginTest" data-provider="loginData" finished-at="2024-08-12T09:47:02 IST" duration-ms="3268" status="PASS">
          <params>
            <param index="0">
              <value>
                <![CDATA[student]]>
              </value>
            </param>
            <param index="1">
              <value>
                <![CDATA[Password@123]]>
              </value>
            </param>
          </params>
          <reporter-output>
          </reporter-output>
        </test-method> <!-- loginTest -->
        <test-method signature="loginTest(java.lang.String,java.lang.String)[pri:0, instance:Main_CrossBrowser.CrossBrowserTest@1e178745]" started-at="2024-08-12T09:47:02 IST" name="loginTest" data-provider="loginData" finished-at="2024-08-12T09:47:06 IST" duration-ms="3088" status="PASS">
          <params>
            <param index="0">
              <value>
                <![CDATA[student@123]]>
              </value>
            </param>
            <param index="1">
              <value>
                <![CDATA[Password]]>
              </value>
            </param>
          </params>
          <reporter-output>
          </reporter-output>
        </test-method> <!-- loginTest -->
        <test-method signature="loginTest(java.lang.String,java.lang.String)[pri:0, instance:Main_CrossBrowser.CrossBrowserTest@1e178745]" started-at="2024-08-12T09:47:06 IST" name="loginTest" data-provider="loginData" finished-at="2024-08-12T09:47:09 IST" duration-ms="3223" status="PASS">
          <params>
            <param index="0">
              <value>
                <![CDATA[student@123]]>
              </value>
            </param>
            <param index="1">
              <value>
                <![CDATA[Password@123]]>
              </value>
            </param>
          </params>
          <reporter-output>
          </reporter-output>
        </test-method> <!-- loginTest -->
        <test-method is-config="true" signature="tearDown()[pri:0, instance:Main_CrossBrowser.CrossBrowserTest@1e178745]" started-at="2024-08-12T09:47:09 IST" name="tearDown" finished-at="2024-08-12T09:47:10 IST" duration-ms="1465" status="PASS">
          <reporter-output>
          </reporter-output>
        </test-method> <!-- tearDown -->
      </class> <!-- Main_CrossBrowser.CrossBrowserTest -->
    </test> <!-- FirefoxTest -->
    <test started-at="2024-08-12T09:47:10 IST" name="EdgeTest" finished-at="2024-08-12T09:47:32 IST" duration-ms="21409">
      <class name="Main_CrossBrowser.CrossBrowserTest">
        <test-method is-config="true" signature="initializeExtentReports()[pri:0, instance:Main_CrossBrowser.CrossBrowserTest@26b3fd41]" started-at="2024-08-12T09:46:21 IST" name="initializeExtentReports" finished-at="2024-08-12T09:46:22 IST" duration-ms="954" status="PASS">
          <reporter-output>
          </reporter-output>
        </test-method> <!-- initializeExtentReports -->
        <test-method is-config="true" signature="setup(java.lang.String)[pri:0, instance:Main_CrossBrowser.CrossBrowserTest@26b3fd41]" started-at="2024-08-12T09:47:10 IST" name="setup" finished-at="2024-08-12T09:47:13 IST" duration-ms="2682" status="PASS">
          <params>
            <param index="0">
              <value>
                <![CDATA[edge]]>
              </value>
            </param>
          </params>
          <reporter-output>
          </reporter-output>
        </test-method> <!-- setup -->
        <test-method signature="loginTest(java.lang.String,java.lang.String)[pri:0, instance:Main_CrossBrowser.CrossBrowserTest@26b3fd41]" started-at="2024-08-12T09:47:13 IST" name="loginTest" data-provider="loginData" finished-at="2024-08-12T09:47:20 IST" duration-ms="6549" status="PASS">
          <params>
            <param index="0">
              <value>
                <![CDATA[student]]>
              </value>
            </param>
            <param index="1">
              <value>
                <![CDATA[Password123]]>
              </value>
            </param>
          </params>
          <reporter-output>
          </reporter-output>
        </test-method> <!-- loginTest -->
        <test-method signature="loginTest(java.lang.String,java.lang.String)[pri:0, instance:Main_CrossBrowser.CrossBrowserTest@26b3fd41]" started-at="2024-08-12T09:47:20 IST" name="loginTest" data-provider="loginData" finished-at="2024-08-12T09:47:23 IST" duration-ms="3151" status="PASS">
          <params>
            <param index="0">
              <value>
                <![CDATA[student]]>
              </value>
            </param>
            <param index="1">
              <value>
                <![CDATA[Password@123]]>
              </value>
            </param>
          </params>
          <reporter-output>
          </reporter-output>
        </test-method> <!-- loginTest -->
        <test-method signature="loginTest(java.lang.String,java.lang.String)[pri:0, instance:Main_CrossBrowser.CrossBrowserTest@26b3fd41]" started-at="2024-08-12T09:47:23 IST" name="loginTest" data-provider="loginData" finished-at="2024-08-12T09:47:26 IST" duration-ms="3586" status="PASS">
          <params>
            <param index="0">
              <value>
                <![CDATA[student@123]]>
              </value>
            </param>
            <param index="1">
              <value>
                <![CDATA[Password]]>
              </value>
            </param>
          </params>
          <reporter-output>
          </reporter-output>
        </test-method> <!-- loginTest -->
        <test-method signature="loginTest(java.lang.String,java.lang.String)[pri:0, instance:Main_CrossBrowser.CrossBrowserTest@26b3fd41]" started-at="2024-08-12T09:47:26 IST" name="loginTest" data-provider="loginData" finished-at="2024-08-12T09:47:30 IST" duration-ms="3898" status="PASS">
          <params>
            <param index="0">
              <value>
                <![CDATA[student@123]]>
              </value>
            </param>
            <param index="1">
              <value>
                <![CDATA[Password@123]]>
              </value>
            </param>
          </params>
          <reporter-output>
          </reporter-output>
        </test-method> <!-- loginTest -->
        <test-method is-config="true" signature="tearDown()[pri:0, instance:Main_CrossBrowser.CrossBrowserTest@26b3fd41]" started-at="2024-08-12T09:47:30 IST" name="tearDown" finished-at="2024-08-12T09:47:32 IST" duration-ms="1478" status="PASS">
          <reporter-output>
          </reporter-output>
        </test-method> <!-- tearDown -->
        <test-method is-config="true" signature="generateExtentReports()[pri:0, instance:Main_CrossBrowser.CrossBrowserTest@26b3fd41]" started-at="2024-08-12T09:47:32 IST" name="generateExtentReports" finished-at="2024-08-12T09:47:32 IST" duration-ms="778" status="PASS">
          <reporter-output>
          </reporter-output>
        </test-method> <!-- generateExtentReports -->
      </class> <!-- Main_CrossBrowser.CrossBrowserTest -->
    </test> <!-- EdgeTest -->
  </suite> <!-- Suite -->
</testng-results>
