<?xml version="1.0" encoding="UTF-8"?>
<testng-results ignored="0" total="12" passed="12" failed="0" skipped="0">
  <reporter-output>
  </reporter-output>
  <suite started-at="2024-08-11T21:18:47 IST" name="Suite" finished-at="2024-08-11T21:19:52 IST" duration-ms="65462">
    <groups>
    </groups>
    <test started-at="2024-08-11T21:18:47 IST" name="ChromeTest" finished-at="2024-08-11T21:19:09 IST" duration-ms="21742">
      <class name="Main_CrossBrowser.CrossBrowserTest">
        <test-method is-config="true" signature="setup(java.lang.String)[pri:0, instance:Main_CrossBrowser.CrossBrowserTest@2362f559]" started-at="2024-08-11T21:18:47 IST" name="setup" finished-at="2024-08-11T21:18:50 IST" duration-ms="3405" status="PASS">
          <params>
            <param index="0">
              <value>
                <![CDATA[chrome]]>
              </value>
            </param>
          </params>
          <reporter-output>
          </reporter-output>
        </test-method> <!-- setup -->
        <test-method signature="loginTest(java.lang.String,java.lang.String)[pri:0, instance:Main_CrossBrowser.CrossBrowserTest@2362f559]" started-at="2024-08-11T21:18:51 IST" name="loginTest" data-provider="loginData" finished-at="2024-08-11T21:18:58 IST" duration-ms="6472" status="PASS">
          <params>
            <param index="0">
              <value>
                <![CDATA[student]]>
              </value>
            </param>
            <param index="1">
              <value>
                <![CDATA[Password123]]>
              </value>
            </param>
          </params>
          <reporter-output>
          </reporter-output>
        </test-method> <!-- loginTest -->
        <test-method signature="loginTest(java.lang.String,java.lang.String)[pri:0, instance:Main_CrossBrowser.CrossBrowserTest@2362f559]" started-at="2024-08-11T21:18:58 IST" name="loginTest" data-provider="loginData" finished-at="2024-08-11T21:19:01 IST" duration-ms="3346" status="PASS">
          <params>
            <param index="0">
              <value>
                <![CDATA[student]]>
              </value>
            </param>
            <param index="1">
              <value>
                <![CDATA[Password@123]]>
              </value>
            </param>
          </params>
          <reporter-output>
          </reporter-output>
        </test-method> <!-- loginTest -->
        <test-method signature="loginTest(java.lang.String,java.lang.String)[pri:0, instance:Main_CrossBrowser.CrossBrowserTest@2362f559]" started-at="2024-08-11T21:19:01 IST" name="loginTest" data-provider="loginData" finished-at="2024-08-11T21:19:04 IST" duration-ms="3293" status="PASS">
          <params>
            <param index="0">
              <value>
                <![CDATA[student@123]]>
              </value>
            </param>
            <param index="1">
              <value>
                <![CDATA[Password]]>
              </value>
            </param>
          </params>
          <reporter-output>
          </reporter-output>
        </test-method> <!-- loginTest -->
        <test-method signature="loginTest(java.lang.String,java.lang.String)[pri:0, instance:Main_CrossBrowser.CrossBrowserTest@2362f559]" started-at="2024-08-11T21:19:04 IST" name="loginTest" data-provider="loginData" finished-at="2024-08-11T21:19:08 IST" duration-ms="4025" status="PASS">
          <params>
            <param index="0">
              <value>
                <![CDATA[student@123]]>
              </value>
            </param>
            <param index="1">
              <value>
                <![CDATA[Password@123]]>
              </value>
            </param>
          </params>
          <reporter-output>
          </reporter-output>
        </test-method> <!-- loginTest -->
        <test-method is-config="true" signature="tearDown()[pri:0, instance:Main_CrossBrowser.CrossBrowserTest@2362f559]" started-at="2024-08-11T21:19:08 IST" name="tearDown" finished-at="2024-08-11T21:19:09 IST" duration-ms="479" status="PASS">
          <reporter-output>
          </reporter-output>
        </test-method> <!-- tearDown -->
      </class> <!-- Main_CrossBrowser.CrossBrowserTest -->
    </test> <!-- ChromeTest -->
    <test started-at="2024-08-11T21:19:09 IST" name="FirefoxTest" finished-at="2024-08-11T21:19:32 IST" duration-ms="23117">
      <class name="Main_CrossBrowser.CrossBrowserTest">
        <test-method is-config="true" signature="setup(java.lang.String)[pri:0, instance:Main_CrossBrowser.CrossBrowserTest@1e178745]" started-at="2024-08-11T21:19:09 IST" name="setup" finished-at="2024-08-11T21:19:14 IST" duration-ms="5117" status="PASS">
          <params>
            <param index="0">
              <value>
                <![CDATA[firefox]]>
              </value>
            </param>
          </params>
          <reporter-output>
          </reporter-output>
        </test-method> <!-- setup -->
        <test-method signature="loginTest(java.lang.String,java.lang.String)[pri:0, instance:Main_CrossBrowser.CrossBrowserTest@1e178745]" started-at="2024-08-11T21:19:14 IST" name="loginTest" data-provider="loginData" finished-at="2024-08-11T21:19:21 IST" duration-ms="7107" status="PASS">
          <params>
            <param index="0">
              <value>
                <![CDATA[student]]>
              </value>
            </param>
            <param index="1">
              <value>
                <![CDATA[Password123]]>
              </value>
            </param>
          </params>
          <reporter-output>
          </reporter-output>
        </test-method> <!-- loginTest -->
        <test-method signature="loginTest(java.lang.String,java.lang.String)[pri:0, instance:Main_CrossBrowser.CrossBrowserTest@1e178745]" started-at="2024-08-11T21:19:21 IST" name="loginTest" data-provider="loginData" finished-at="2024-08-11T21:19:24 IST" duration-ms="3026" status="PASS">
          <params>
            <param index="0">
              <value>
                <![CDATA[student]]>
              </value>
            </param>
            <param index="1">
              <value>
                <![CDATA[Password@123]]>
              </value>
            </param>
          </params>
          <reporter-output>
          </reporter-output>
        </test-method> <!-- loginTest -->
        <test-method signature="loginTest(java.lang.String,java.lang.String)[pri:0, instance:Main_CrossBrowser.CrossBrowserTest@1e178745]" started-at="2024-08-11T21:19:24 IST" name="loginTest" data-provider="loginData" finished-at="2024-08-11T21:19:27 IST" duration-ms="3160" status="PASS">
          <params>
            <param index="0">
              <value>
                <![CDATA[student@123]]>
              </value>
            </param>
            <param index="1">
              <value>
                <![CDATA[Password]]>
              </value>
            </param>
          </params>
          <reporter-output>
          </reporter-output>
        </test-method> <!-- loginTest -->
        <test-method signature="loginTest(java.lang.String,java.lang.String)[pri:0, instance:Main_CrossBrowser.CrossBrowserTest@1e178745]" started-at="2024-08-11T21:19:27 IST" name="loginTest" data-provider="loginData" finished-at="2024-08-11T21:19:30 IST" duration-ms="3023" status="PASS">
          <params>
            <param index="0">
              <value>
                <![CDATA[student@123]]>
              </value>
            </param>
            <param index="1">
              <value>
                <![CDATA[Password@123]]>
              </value>
            </param>
          </params>
          <reporter-output>
          </reporter-output>
        </test-method> <!-- loginTest -->
        <test-method is-config="true" signature="tearDown()[pri:0, instance:Main_CrossBrowser.CrossBrowserTest@1e178745]" started-at="2024-08-11T21:19:30 IST" name="tearDown" finished-at="2024-08-11T21:19:32 IST" duration-ms="1635" status="PASS">
          <reporter-output>
          </reporter-output>
        </test-method> <!-- tearDown -->
      </class> <!-- Main_CrossBrowser.CrossBrowserTest -->
    </test> <!-- FirefoxTest -->
    <test started-at="2024-08-11T21:19:32 IST" name="EdgeTest" finished-at="2024-08-11T21:19:52 IST" duration-ms="20565">
      <class name="Main_CrossBrowser.CrossBrowserTest">
        <test-method is-config="true" signature="initializeExtentReports()[pri:0, instance:Main_CrossBrowser.CrossBrowserTest@26b3fd41]" started-at="2024-08-11T21:18:47 IST" name="initializeExtentReports" finished-at="2024-08-11T21:18:47 IST" duration-ms="286" status="PASS">
          <reporter-output>
          </reporter-output>
        </test-method> <!-- initializeExtentReports -->
        <test-method is-config="true" signature="setup(java.lang.String)[pri:0, instance:Main_CrossBrowser.CrossBrowserTest@26b3fd41]" started-at="2024-08-11T21:19:32 IST" name="setup" finished-at="2024-08-11T21:19:35 IST" duration-ms="2672" status="PASS">
          <params>
            <param index="0">
              <value>
                <![CDATA[edge]]>
              </value>
            </param>
          </params>
          <reporter-output>
          </reporter-output>
        </test-method> <!-- setup -->
        <test-method signature="loginTest(java.lang.String,java.lang.String)[pri:0, instance:Main_CrossBrowser.CrossBrowserTest@26b3fd41]" started-at="2024-08-11T21:19:35 IST" name="loginTest" data-provider="loginData" finished-at="2024-08-11T21:19:41 IST" duration-ms="6625" status="PASS">
          <params>
            <param index="0">
              <value>
                <![CDATA[student]]>
              </value>
            </param>
            <param index="1">
              <value>
                <![CDATA[Password123]]>
              </value>
            </param>
          </params>
          <reporter-output>
          </reporter-output>
        </test-method> <!-- loginTest -->
        <test-method signature="loginTest(java.lang.String,java.lang.String)[pri:0, instance:Main_CrossBrowser.CrossBrowserTest@26b3fd41]" started-at="2024-08-11T21:19:41 IST" name="loginTest" data-provider="loginData" finished-at="2024-08-11T21:19:44 IST" duration-ms="2988" status="PASS">
          <params>
            <param index="0">
              <value>
                <![CDATA[student]]>
              </value>
            </param>
            <param index="1">
              <value>
                <![CDATA[Password@123]]>
              </value>
            </param>
          </params>
          <reporter-output>
          </reporter-output>
        </test-method> <!-- loginTest -->
        <test-method signature="loginTest(java.lang.String,java.lang.String)[pri:0, instance:Main_CrossBrowser.CrossBrowserTest@26b3fd41]" started-at="2024-08-11T21:19:44 IST" name="loginTest" data-provider="loginData" finished-at="2024-08-11T21:19:47 IST" duration-ms="3049" status="PASS">
          <params>
            <param index="0">
              <value>
                <![CDATA[student@123]]>
              </value>
            </param>
            <param index="1">
              <value>
                <![CDATA[Password]]>
              </value>
            </param>
          </params>
          <reporter-output>
          </reporter-output>
        </test-method> <!-- loginTest -->
        <test-method signature="loginTest(java.lang.String,java.lang.String)[pri:0, instance:Main_CrossBrowser.CrossBrowserTest@26b3fd41]" started-at="2024-08-11T21:19:47 IST" name="loginTest" data-provider="loginData" finished-at="2024-08-11T21:19:51 IST" duration-ms="3228" status="PASS">
          <params>
            <param index="0">
              <value>
                <![CDATA[student@123]]>
              </value>
            </param>
            <param index="1">
              <value>
                <![CDATA[Password@123]]>
              </value>
            </param>
          </params>
          <reporter-output>
          </reporter-output>
        </test-method> <!-- loginTest -->
        <test-method is-config="true" signature="tearDown()[pri:0, instance:Main_CrossBrowser.CrossBrowserTest@26b3fd41]" started-at="2024-08-11T21:19:51 IST" name="tearDown" finished-at="2024-08-11T21:19:52 IST" duration-ms="1884" status="PASS">
          <reporter-output>
          </reporter-output>
        </test-method> <!-- tearDown -->
        <test-method is-config="true" signature="generateExtentReports()[pri:0, instance:Main_CrossBrowser.CrossBrowserTest@26b3fd41]" started-at="2024-08-11T21:19:52 IST" name="generateExtentReports" finished-at="2024-08-11T21:19:54 IST" duration-ms="1480" status="PASS">
          <reporter-output>
          </reporter-output>
        </test-method> <!-- generateExtentReports -->
      </class> <!-- Main_CrossBrowser.CrossBrowserTest -->
    </test> <!-- EdgeTest -->
  </suite> <!-- Suite -->
</testng-results>
